[2021-05-22 18:10:05.906] [exthost] [info] extension host started
[2021-05-22 18:10:05.938] [exthost] [info] ExtensionService#_doActivateExtension vscode.debug-auto-launch {"startup":true,"extensionId":{"value":"vscode.debug-auto-launch","_lower":"vscode.debug-auto-launch"},"activationEvent":"*"}
[2021-05-22 18:10:05.938] [exthost] [info] ExtensionService#loadCommonJSModule file:///home/alex/.vscode-server/bin/054a9295330880ed74ceaedda236253b4f39a335/extensions/debug-auto-launch/dist/extension
[2021-05-22 18:10:05.944] [exthost] [info] ExtensionService#_doActivateExtension vscode.git {"startup":true,"extensionId":{"value":"vscode.github","_lower":"vscode.github"},"activationEvent":"*"}
[2021-05-22 18:10:05.944] [exthost] [info] ExtensionService#loadCommonJSModule file:///home/alex/.vscode-server/bin/054a9295330880ed74ceaedda236253b4f39a335/extensions/git/dist/main
[2021-05-22 18:10:06.070] [exthost] [info] ExtensionService#_doActivateExtension ms-vscode.js-debug {"startup":false,"extensionId":{"value":"ms-vscode.js-debug","_lower":"ms-vscode.js-debug"},"activationEvent":"onCommand:extension.js-debug.clearAutoAttachVariables"}
[2021-05-22 18:10:06.070] [exthost] [info] ExtensionService#loadCommonJSModule file:///home/alex/.vscode-server/bin/054a9295330880ed74ceaedda236253b4f39a335/extensions/ms-vscode.js-debug/src/extension.js
[2021-05-22 18:10:06.309] [exthost] [info] ExtensionService#_doActivateExtension vscode.github {"startup":true,"extensionId":{"value":"vscode.github","_lower":"vscode.github"},"activationEvent":"*"}
[2021-05-22 18:10:06.309] [exthost] [info] ExtensionService#loadCommonJSModule file:///home/alex/.vscode-server/bin/054a9295330880ed74ceaedda236253b4f39a335/extensions/github/dist/extension.js
[2021-05-22 18:10:06.370] [exthost] [info] ExtensionService#_doActivateExtension vscode.emmet {"startup":false,"extensionId":{"value":"vscode.emmet","_lower":"vscode.emmet"},"activationEvent":"onStartupFinished"}
[2021-05-22 18:10:06.370] [exthost] [info] ExtensionService#loadCommonJSModule file:///home/alex/.vscode-server/bin/054a9295330880ed74ceaedda236253b4f39a335/extensions/emmet/dist/node/emmetNodeMain
[2021-05-22 18:10:06.386] [exthost] [info] ExtensionService#_doActivateExtension vscode.merge-conflict {"startup":false,"extensionId":{"value":"vscode.merge-conflict","_lower":"vscode.merge-conflict"},"activationEvent":"onStartupFinished"}
[2021-05-22 18:10:06.386] [exthost] [info] ExtensionService#loadCommonJSModule file:///home/alex/.vscode-server/bin/054a9295330880ed74ceaedda236253b4f39a335/extensions/merge-conflict/dist/mergeConflictMain
[2021-05-22 18:10:06.389] [exthost] [info] ExtensionService#_doActivateExtension vscode.testing-editor-contributions {"startup":false,"extensionId":{"value":"vscode.testing-editor-contributions","_lower":"vscode.testing-editor-contributions"},"activationEvent":"onStartupFinished"}
[2021-05-22 18:10:06.390] [exthost] [info] ExtensionService#loadCommonJSModule file:///home/alex/.vscode-server/bin/054a9295330880ed74ceaedda236253b4f39a335/extensions/testing-editor-contributions/dist/extension.js
[2021-05-22 18:10:06.390] [exthost] [info] eager extensions activated
[2021-05-22 18:10:59.912] [exthost] [info] ExtensionService#_doActivateExtension ms-vscode.cpptools {"startup":false,"extensionId":{"value":"ms-vscode.cpptools","_lower":"ms-vscode.cpptools"},"activationEvent":"*"}
[2021-05-22 18:10:59.912] [exthost] [info] ExtensionService#loadCommonJSModule file:///home/alex/.vscode-server/extensions/ms-vscode.cpptools-1.3.1/dist/main
[2021-05-22 18:45:54.332] [exthost] [info] extension host terminating: received terminate message from renderer
[2021-05-22 18:45:55.410] [exthost] [info] exiting with code 0
